#
# There is insufficient memory for the Java Runtime Environment to continue.
# Native memory allocation (malloc) failed to allocate 32816 bytes for Chunk::new
# Possible reasons:
#   The system is out of physical RAM or swap space
#   In 32 bit mode, the process size limit was hit
# Possible solutions:
#   Reduce memory load on the system
#   Increase physical memory or swap space
#   Check if swap backing store is full
#   Use 64 bit Java on a 64 bit OS
#   Decrease Java heap size (-Xmx/-Xms)
#   Decrease number of Java threads
#   Decrease Java thread stack sizes (-Xss)
#   Set larger code cache with -XX:ReservedCodeCacheSize=
# This output file may be truncated or incomplete.
#
#  Out of Memory Error (allocation.cpp:390), pid=9796, tid=0x0000000000003e10
#
# JRE version: Java(TM) SE Runtime Environment (8.0_172-b11) (build 1.8.0_172-b11)
# Java VM: Java HotSpot(TM) 64-Bit Server VM (25.172-b11 mixed mode windows-amd64 compressed oops)
# Failed to write core dump. Minidumps are not enabled by default on client versions of Windows
#

---------------  T H R E A D  ---------------

Current thread (0x000000001e337000):  JavaThread "C2 CompilerThread1" daemon [_thread_in_native, id=15888, stack(0x000000001eaa0000,0x000000001eba0000)]

Stack: [0x000000001eaa0000,0x000000001eba0000]
[error occurred during error reporting (printing stack bounds), id 0xc0000005]

Native frames: (J=compiled Java code, j=interpreted, Vv=VM code, C=native code)


Current CompileTask:
C2:    768 1031       4       java.util.HashMap::putVal (300 bytes)


---------------  P R O C E S S  ---------------

Java Threads: ( => current thread )
  0x000000001f631800 JavaThread "Prism Font Disposer" daemon [_thread_blocked, id=13836, stack(0x0000000029f80000,0x000000002a080000)]
  0x000000001f24c800 JavaThread "Thread-6" [_thread_blocked, id=5560, stack(0x0000000021c40000,0x0000000021d40000)]
  0x000000001f249800 JavaThread "Thread-5" [_thread_blocked, id=7668, stack(0x0000000021b40000,0x0000000021c40000)]
  0x000000001f249000 JavaThread "Thread-4" [_thread_blocked, id=4808, stack(0x0000000021a40000,0x0000000021b40000)]
  0x000000001f139000 JavaThread "Thread-3" daemon [_thread_in_native, id=18580, stack(0x0000000021640000,0x0000000021740000)]
  0x000000001f0cb800 JavaThread "JavaFX-Launcher" [_thread_blocked, id=10084, stack(0x0000000021740000,0x0000000021840000)]
  0x000000001f06a800 JavaThread "JavaFX Application Thread" [_thread_in_Java, id=19924, stack(0x000000001fab0000,0x000000001fbb0000)]
  0x000000001f069800 JavaThread "Thread-1" daemon [_thread_blocked, id=2260, stack(0x000000001f9b0000,0x000000001fab0000)]
  0x000000001f045800 JavaThread "QuantumRenderer-0" daemon [_thread_blocked, id=5428, stack(0x000000001f7a0000,0x000000001f8a0000)]
  0x000000001e3e0800 JavaThread "Service Thread" daemon [_thread_blocked, id=18892, stack(0x000000001eda0000,0x000000001eea0000)]
  0x000000001e344000 JavaThread "C1 CompilerThread3" daemon [_thread_in_native, id=17624, stack(0x000000001eca0000,0x000000001eda0000)]
  0x000000001e345800 JavaThread "C2 CompilerThread2" daemon [_thread_blocked, id=13572, stack(0x000000001eba0000,0x000000001eca0000)]
=>0x000000001e337000 JavaThread "C2 CompilerThread1" daemon [_thread_in_native, id=15888, stack(0x000000001eaa0000,0x000000001eba0000)]
  0x000000001e2da000 JavaThread "C2 CompilerThread0" daemon [_thread_blocked, id=12700, stack(0x000000001e9a0000,0x000000001eaa0000)]
  0x000000001e2d9000 JavaThread "Attach Listener" daemon [_thread_blocked, id=12356, stack(0x000000001e8a0000,0x000000001e9a0000)]
  0x000000001e330000 JavaThread "Signal Dispatcher" daemon [_thread_blocked, id=7708, stack(0x000000001e7a0000,0x000000001e8a0000)]
  0x000000001e2c0800 JavaThread "Finalizer" daemon [_thread_blocked, id=6660, stack(0x000000001e6a0000,0x000000001e7a0000)]
  0x0000000002967000 JavaThread "Reference Handler" daemon [_thread_blocked, id=5844, stack(0x000000001e1a0000,0x000000001e2a0000)]
  0x0000000002872800 JavaThread "main" [_thread_blocked, id=2496, stack(0x0000000002390000,0x0000000002490000)]

Other Threads:
  0x000000001c3c9000 VMThread [stack: 0x000000001e0a0000,0x000000001e1a0000] [id=15244]
  0x000000001e3f4000 WatcherThread [stack: 0x000000001eea0000,0x000000001efa0000] [id=8036]

VM state:not at safepoint (normal execution)

VM Mutex/Monitor currently owned by a thread: None

Heap:
 PSYoungGen      total 76288K, used 33217K [0x000000076b180000, 0x0000000770680000, 0x00000007c0000000)
  eden space 65536K, 50% used [0x000000076b180000,0x000000076d1f07f8,0x000000076f180000)
  from space 10752K, 0% used [0x000000076fc00000,0x000000076fc00000,0x0000000770680000)
  to   space 10752K, 0% used [0x000000076f180000,0x000000076f180000,0x000000076fc00000)
 ParOldGen       total 175104K, used 0K [0x00000006c1400000, 0x00000006cbf00000, 0x000000076b180000)
  object space 175104K, 0% used [0x00000006c1400000,0x00000006c1400000,0x00000006cbf00000)
 Metaspace       used 13707K, capacity 14276K, committed 14336K, reserved 1060864K
  class space    used 1866K, capacity 2042K, committed 2048K, reserved 1048576K

Card table byte_map: [0x0000000011d30000,0x0000000012530000] byte_map_base: 0x000000000e726000

Marking Bits: (ParMarkBitMap*) 0x000000005d383c10
 Begin Bits: [0x0000000013280000, 0x0000000017230000)
 End Bits:   [0x0000000017230000, 0x000000001b1e0000)

Polling page: 0x00000000009a0000

CodeCache: size=245760Kb used=3751Kb max_used=3751Kb free=242008Kb
 bounds [0x0000000002970000, 0x0000000002d20000, 0x0000000011970000]
 total_blobs=1582 nmethods=1038 adapters=456
 compilation: enabled

Compilation events (10 events):
Event: 0.762 Thread 0x000000001e344000 1033       1       javafx.css.CssMetaData::getConverter (5 bytes)
Event: 0.762 Thread 0x000000001e344000 nmethod 1033 0x0000000002d0ca90 code [0x0000000002d0cbe0, 0x0000000002d0ccf0]
Event: 0.762 Thread 0x000000001e344000 1034       1       javafx.css.CssMetaData::getSubProperties (5 bytes)
Event: 0.762 Thread 0x000000001e344000 nmethod 1034 0x0000000002d0cd50 code [0x0000000002d0cea0, 0x0000000002d0cfb0]
Event: 0.762 Thread 0x000000001e344000 1035       3       com.sun.javafx.css.StyleMap::isEmpty (36 bytes)
Event: 0.763 Thread 0x000000001e344000 nmethod 1035 0x0000000002d0d010 code [0x0000000002d0d1a0, 0x0000000002d0d518]
Event: 0.763 Thread 0x000000001e344000 1036       3       com.sun.javafx.css.StyleManager$CacheContainer::getStyleMapList (23 bytes)
Event: 0.763 Thread 0x000000001e344000 nmethod 1036 0x0000000002d0d610 code [0x0000000002d0d780, 0x0000000002d0db30]
Event: 0.763 Thread 0x000000001e344000 1038       3       com.sun.javafx.css.StyleMap::getCascadingStyles (404 bytes)
Event: 0.763 Thread 0x000000001e2da000 1039       4       com.sun.javafx.css.BitSet::containsAll (103 bytes)

GC Heap History (0 events):
No events

Deoptimization events (10 events):
Event: 0.676 Thread 0x000000001f06a800 Uncommon trap: reason=class_check action=maybe_recompile pc=0x0000000002a93f00 method=java.lang.String.equals(Ljava/lang/Object;)Z @ 8
Event: 0.676 Thread 0x000000001f06a800 Uncommon trap: reason=class_check action=maybe_recompile pc=0x0000000002a93f00 method=java.lang.String.equals(Ljava/lang/Object;)Z @ 8
Event: 0.676 Thread 0x000000001f06a800 Uncommon trap: reason=class_check action=maybe_recompile pc=0x0000000002a93f00 method=java.lang.String.equals(Ljava/lang/Object;)Z @ 8
Event: 0.676 Thread 0x000000001f06a800 Uncommon trap: reason=speculate_class_check action=maybe_recompile pc=0x0000000002cc1fe0 method=com.sun.javafx.css.BitSet.containsAll(Ljava/util/Collection;)Z @ 18
Event: 0.676 Thread 0x000000001f06a800 Uncommon trap: reason=speculate_class_check action=maybe_recompile pc=0x0000000002cc1fe0 method=com.sun.javafx.css.BitSet.containsAll(Ljava/util/Collection;)Z @ 18
Event: 0.740 Thread 0x000000001f06a800 Uncommon trap: reason=class_check action=maybe_recompile pc=0x0000000002cd2d88 method=java.util.HashMap.putVal(ILjava/lang/Object;Ljava/lang/Object;ZZ)Ljava/lang/Object; @ 203
Event: 0.740 Thread 0x000000001f06a800 Uncommon trap: reason=class_check action=maybe_recompile pc=0x0000000002cd2d88 method=java.util.HashMap.putVal(ILjava/lang/Object;Ljava/lang/Object;ZZ)Ljava/lang/Object; @ 203
Event: 0.740 Thread 0x000000001f06a800 Uncommon trap: reason=class_check action=maybe_recompile pc=0x0000000002cd2d88 method=java.util.HashMap.putVal(ILjava/lang/Object;Ljava/lang/Object;ZZ)Ljava/lang/Object; @ 203
Event: 0.740 Thread 0x000000001f06a800 Uncommon trap: reason=class_check action=maybe_recompile pc=0x0000000002cd2d88 method=java.util.HashMap.putVal(ILjava/lang/Object;Ljava/lang/Object;ZZ)Ljava/lang/Object; @ 203
Event: 0.741 Thread 0x000000001f06a800 Uncommon trap: reason=class_check action=maybe_recompile pc=0x0000000002cd524c method=java.util.HashMap.putVal(ILjava/lang/Object;Ljava/lang/Object;ZZ)Ljava/lang/Object; @ 203

Classes redefined (0 events):
No events

Internal exceptions (10 events):
Event: 0.137 Thread 0x0000000002872800 Exception <a 'java/security/PrivilegedActionException'> (0x000000076b53e5e8) thrown at [C:\re\workspace\8-2-build-windows-amd64-cygwin\jdk8u172\10810\hotspot\src\share\vm\prims\jvm.cpp, line 1435]
Event: 0.137 Thread 0x0000000002872800 Exception <a 'java/lang/NullPointerException'> (0x000000076b53ebc0) thrown at [C:\re\workspace\8-2-build-windows-amd64-cygwin\jdk8u172\10810\hotspot\src\share\vm\interpreter\linkResolver.cpp, line 1185]
Event: 0.431 Thread 0x000000001f06a800 Exception <a 'java/lang/NullPointerException'> (0x000000076c1a0db8) thrown at [C:\re\workspace\8-2-build-windows-amd64-cygwin\jdk8u172\10810\hotspot\src\share\vm\interpreter\linkResolver.cpp, line 1185]
Event: 0.431 Thread 0x000000001f06a800 Exception <a 'java/lang/NullPointerException'> (0x000000076c1a0db8) thrown at [C:\re\workspace\8-2-build-windows-amd64-cygwin\jdk8u172\10810\hotspot\src\share\vm\prims\jvm.cpp, line 1439]
Event: 0.508 Thread 0x000000001f06a800 Exception <a 'java/lang/ArrayIndexOutOfBoundsException'> (0x000000076c637570) thrown at [C:\re\workspace\8-2-build-windows-amd64-cygwin\jdk8u172\10810\hotspot\src\share\vm\runtime\sharedRuntime.cpp, line 605]
Event: 0.508 Thread 0x000000001f06a800 Exception <a 'java/lang/ArrayIndexOutOfBoundsException'> (0x000000076c638270) thrown at [C:\re\workspace\8-2-build-windows-amd64-cygwin\jdk8u172\10810\hotspot\src\share\vm\runtime\sharedRuntime.cpp, line 605]
Event: 0.508 Thread 0x000000001f06a800 Exception <a 'java/lang/ArrayIndexOutOfBoundsException'> (0x000000076c639618) thrown at [C:\re\workspace\8-2-build-windows-amd64-cygwin\jdk8u172\10810\hotspot\src\share\vm\runtime\sharedRuntime.cpp, line 605]
Event: 0.539 Thread 0x000000001f06a800 Exception <a 'java/lang/ArrayIndexOutOfBoundsException'> (0x000000076c793b98) thrown at [C:\re\workspace\8-2-build-windows-amd64-cygwin\jdk8u172\10810\hotspot\src\share\vm\runtime\sharedRuntime.cpp, line 605]
Event: 0.541 Thread 0x000000001f06a800 Exception <a 'java/lang/ArrayIndexOutOfBoundsException'> (0x000000076c7add78) thrown at [C:\re\workspace\8-2-build-windows-amd64-cygwin\jdk8u172\10810\hotspot\src\share\vm\runtime\sharedRuntime.cpp, line 605]
Event: 0.647 Thread 0x000000001f06a800 Exception <a 'java/io/FileNotFoundException'> (0x000000076cc0ce30) thrown at [C:\re\workspace\8-2-build-windows-amd64-cygwin\jdk8u172\10810\hotspot\src\share\vm\prims\jni.cpp, line 709]

Events (10 events):
Event: 0.762 loading class com/sun/javafx/scene/control/skin/LabeledText$StyleablePropertyMirror
Event: 0.762 loading class com/sun/javafx/scene/control/skin/LabeledText$StyleablePropertyMirror done
Event: 0.762 loading class javafx/css/SimpleStyleableObjectProperty
Event: 0.762 loading class javafx/css/SimpleStyleableObjectProperty done
Event: 0.762 loading class com/sun/javafx/scene/control/Logging
Event: 0.762 loading class com/sun/javafx/scene/control/Logging done
Event: 0.762 loading class javafx/scene/control/SkinBase$StyleableProperties
Event: 0.762 loading class javafx/scene/control/SkinBase$StyleableProperties done
Event: 0.763 loading class javafx/scene/Group
Event: 0.763 loading class javafx/scene/Group done


Dynamic libraries:
0x00007ff638d10000 - 0x00007ff638d47000 	C:\Program Files\Java\jdk1.8.0_172\bin\javaw.exe
0x00007ffa11800000 - 0x00007ffa119ad000 	C:\Windows\SYSTEM32\ntdll.dll
0x00007ffa0f3f0000 - 0x00007ffa0f52e000 	C:\Windows\system32\KERNEL32.DLL
0x00007ff9fdbb0000 - 0x00007ff9fdbe4000 	C:\Program Files\AVAST Software\Avast\x64\aswhooka.dll
0x00007ffa0eb40000 - 0x00007ffa0ec56000 	C:\Windows\system32\KERNELBASE.dll
0x00007ffa0d4f0000 - 0x00007ffa0d57e000 	C:\Windows\system32\apphelp.dll
0x00007ff9faeb0000 - 0x00007ff9faf03000 	C:\Windows\AppPatch\AppPatch64\AcGenral.DLL
0x00007ffa11570000 - 0x00007ffa1161a000 	C:\Windows\system32\msvcrt.dll
0x00007ffa0eab0000 - 0x00007ffa0eade000 	C:\Windows\system32\SspiCli.dll
0x00007ffa114b0000 - 0x00007ffa11504000 	C:\Windows\system32\SHLWAPI.dll
0x00007ffa0f7e0000 - 0x00007ffa0f957000 	C:\Windows\system32\USER32.dll
0x00007ffa10f00000 - 0x00007ffa11094000 	C:\Windows\system32\ole32.dll
0x00007ffa0f9d0000 - 0x00007ffa10efc000 	C:\Windows\system32\SHELL32.dll
0x00007ffa0df70000 - 0x00007ffa0df91000 	C:\Windows\SYSTEM32\USERENV.dll
0x00007ffa116e0000 - 0x00007ffa1178a000 	C:\Windows\system32\ADVAPI32.dll
0x00007ff9ff210000 - 0x00007ff9ff22e000 	C:\Windows\SYSTEM32\MPR.dll
0x00007ffa0f270000 - 0x00007ffa0f3b0000 	C:\Windows\system32\RPCRT4.dll
0x00007ffa0f970000 - 0x00007ffa0f9c9000 	C:\Windows\SYSTEM32\sechost.dll
0x00007ffa0ef50000 - 0x00007ffa0f162000 	C:\Windows\SYSTEM32\combase.dll
0x00007ffa0f690000 - 0x00007ffa0f7db000 	C:\Windows\system32\GDI32.dll
0x00007ffa0e930000 - 0x00007ffa0e945000 	C:\Windows\SYSTEM32\profapi.dll
0x00007ffa0cec0000 - 0x00007ffa0cf72000 	C:\Windows\SYSTEM32\SHCORE.dll
0x00007ffa0f3b0000 - 0x00007ffa0f3e6000 	C:\Windows\system32\IMM32.DLL
0x00007ffa0f530000 - 0x00007ffa0f681000 	C:\Windows\system32\MSCTF.dll
0x00007ffa0c5a0000 - 0x00007ffa0c81b000 	C:\Windows\WinSxS\amd64_microsoft.windows.common-controls_6595b64144ccf1df_6.0.9600.18006_none_623f33d3ecbe86e8\COMCTL32.dll
0x000000005c880000 - 0x000000005c952000 	C:\Program Files\Java\jdk1.8.0_172\jre\bin\msvcr100.dll
0x000000005cb60000 - 0x000000005d403000 	C:\Program Files\Java\jdk1.8.0_172\jre\bin\server\jvm.dll
0x00007ffa05130000 - 0x00007ffa05139000 	C:\Windows\SYSTEM32\WSOCK32.dll
0x00007ffa02f90000 - 0x00007ffa02fb2000 	C:\Windows\SYSTEM32\WINMM.dll
0x00007ffa06af0000 - 0x00007ffa06afa000 	C:\Windows\SYSTEM32\VERSION.dll
0x00007ffa11280000 - 0x00007ffa11287000 	C:\Windows\system32\PSAPI.DLL
0x00007ffa117a0000 - 0x00007ffa117fa000 	C:\Windows\system32\WS2_32.dll
0x00007ffa02ec0000 - 0x00007ffa02eea000 	C:\Windows\SYSTEM32\WINMMBASE.dll
0x00007ffa0f190000 - 0x00007ffa0f199000 	C:\Windows\system32\NSI.dll
0x00007ffa0ee40000 - 0x00007ffa0ee8f000 	C:\Windows\SYSTEM32\cfgmgr32.dll
0x00007ffa0d760000 - 0x00007ffa0d788000 	C:\Windows\SYSTEM32\DEVOBJ.dll
0x000000005e110000 - 0x000000005e11f000 	C:\Program Files\Java\jdk1.8.0_172\jre\bin\verify.dll
0x000000005dd90000 - 0x000000005ddb9000 	C:\Program Files\Java\jdk1.8.0_172\jre\bin\java.dll
0x000000005d790000 - 0x000000005d7a6000 	C:\Program Files\Java\jdk1.8.0_172\jre\bin\zip.dll
0x00007ffa0be20000 - 0x00007ffa0be23000 	C:\Program Files\Java\jdk1.8.0_172\jre\bin\api-ms-win-core-console-l1-1-0.dll
0x00007ffa0be10000 - 0x00007ffa0be13000 	C:\Program Files\Java\jdk1.8.0_172\jre\bin\api-ms-win-core-datetime-l1-1-0.dll
0x00007ffa0ae70000 - 0x00007ffa0ae73000 	C:\Program Files\Java\jdk1.8.0_172\jre\bin\api-ms-win-core-debug-l1-1-0.dll
0x00007ffa0ae60000 - 0x00007ffa0ae63000 	C:\Program Files\Java\jdk1.8.0_172\jre\bin\api-ms-win-core-errorhandling-l1-1-0.dll
0x00007ffa0ae50000 - 0x00007ffa0ae54000 	C:\Program Files\Java\jdk1.8.0_172\jre\bin\api-ms-win-core-file-l1-1-0.dll
0x00007ffa0ae40000 - 0x00007ffa0ae43000 	C:\Program Files\Java\jdk1.8.0_172\jre\bin\api-ms-win-core-file-l1-2-0.dll
0x00007ffa0aa90000 - 0x00007ffa0aa93000 	C:\Program Files\Java\jdk1.8.0_172\jre\bin\api-ms-win-core-file-l2-1-0.dll
0x00007ffa0aa00000 - 0x00007ffa0aa03000 	C:\Program Files\Java\jdk1.8.0_172\jre\bin\api-ms-win-core-handle-l1-1-0.dll
0x00007ffa0a620000 - 0x00007ffa0a623000 	C:\Program Files\Java\jdk1.8.0_172\jre\bin\api-ms-win-core-heap-l1-1-0.dll
0x00007ffa09520000 - 0x00007ffa09523000 	C:\Program Files\Java\jdk1.8.0_172\jre\bin\api-ms-win-core-interlocked-l1-1-0.dll
0x00007ffa09510000 - 0x00007ffa09513000 	C:\Program Files\Java\jdk1.8.0_172\jre\bin\api-ms-win-core-libraryloader-l1-1-0.dll
0x00007ffa08b40000 - 0x00007ffa08b43000 	C:\Program Files\Java\jdk1.8.0_172\jre\bin\api-ms-win-core-localization-l1-2-0.dll
0x00007ffa01290000 - 0x00007ffa01293000 	C:\Program Files\Java\jdk1.8.0_172\jre\bin\api-ms-win-core-memory-l1-1-0.dll
0x00007ffa01070000 - 0x00007ffa01073000 	C:\Program Files\Java\jdk1.8.0_172\jre\bin\api-ms-win-core-namedpipe-l1-1-0.dll
0x00007ff9faea0000 - 0x00007ff9faea3000 	C:\Program Files\Java\jdk1.8.0_172\jre\bin\api-ms-win-core-processenvironment-l1-1-0.dll
0x00007ff9fae90000 - 0x00007ff9fae93000 	C:\Program Files\Java\jdk1.8.0_172\jre\bin\api-ms-win-core-processthreads-l1-1-0.dll
0x00007ff9f7d00000 - 0x00007ff9f7d03000 	C:\Program Files\Java\jdk1.8.0_172\jre\bin\api-ms-win-core-processthreads-l1-1-1.dll
0x00007ff9f7cf0000 - 0x00007ff9f7cf3000 	C:\Program Files\Java\jdk1.8.0_172\jre\bin\api-ms-win-core-profile-l1-1-0.dll
0x00007ff9f7ce0000 - 0x00007ff9f7ce3000 	C:\Program Files\Java\jdk1.8.0_172\jre\bin\api-ms-win-core-rtlsupport-l1-1-0.dll
0x00007ff9f7cd0000 - 0x00007ff9f7cd3000 	C:\Program Files\Java\jdk1.8.0_172\jre\bin\api-ms-win-core-string-l1-1-0.dll
0x00007ff9f7cc0000 - 0x00007ff9f7cc3000 	C:\Program Files\Java\jdk1.8.0_172\jre\bin\api-ms-win-core-synch-l1-1-0.dll
0x00007ff9f7cb0000 - 0x00007ff9f7cb3000 	C:\Program Files\Java\jdk1.8.0_172\jre\bin\api-ms-win-core-synch-l1-2-0.dll
0x00007ff9f7ca0000 - 0x00007ff9f7ca3000 	C:\Program Files\Java\jdk1.8.0_172\jre\bin\api-ms-win-core-sysinfo-l1-1-0.dll
0x00007ff9f7c90000 - 0x00007ff9f7c93000 	C:\Program Files\Java\jdk1.8.0_172\jre\bin\api-ms-win-core-timezone-l1-1-0.dll
0x00007ff9f7c80000 - 0x00007ff9f7c83000 	C:\Program Files\Java\jdk1.8.0_172\jre\bin\api-ms-win-core-util-l1-1-0.dll
0x00007ff9f7c70000 - 0x00007ff9f7c73000 	C:\Program Files\Java\jdk1.8.0_172\jre\bin\api-ms-win-crt-conio-l1-1-0.dll
0x00007ff9f7c60000 - 0x00007ff9f7c64000 	C:\Program Files\Java\jdk1.8.0_172\jre\bin\api-ms-win-crt-convert-l1-1-0.dll
0x00007ff9f7c50000 - 0x00007ff9f7c53000 	C:\Program Files\Java\jdk1.8.0_172\jre\bin\api-ms-win-crt-environment-l1-1-0.dll
0x00007ff9f7c40000 - 0x00007ff9f7c43000 	C:\Program Files\Java\jdk1.8.0_172\jre\bin\api-ms-win-crt-filesystem-l1-1-0.dll
0x00007ff9f7c30000 - 0x00007ff9f7c33000 	C:\Program Files\Java\jdk1.8.0_172\jre\bin\api-ms-win-crt-heap-l1-1-0.dll
0x00007ff9f7c20000 - 0x00007ff9f7c23000 	C:\Program Files\Java\jdk1.8.0_172\jre\bin\api-ms-win-crt-locale-l1-1-0.dll
0x00007ff9f7c10000 - 0x00007ff9f7c15000 	C:\Program Files\Java\jdk1.8.0_172\jre\bin\api-ms-win-crt-math-l1-1-0.dll
0x00007ff9f7c00000 - 0x00007ff9f7c05000 	C:\Program Files\Java\jdk1.8.0_172\jre\bin\api-ms-win-crt-multibyte-l1-1-0.dll
0x00007ff9f7bf0000 - 0x00007ff9f7c00000 	C:\Program Files\Java\jdk1.8.0_172\jre\bin\api-ms-win-crt-private-l1-1-0.dll
0x00007ff9f7be0000 - 0x00007ff9f7be3000 	C:\Program Files\Java\jdk1.8.0_172\jre\bin\api-ms-win-crt-process-l1-1-0.dll
0x00007ff9f7bd0000 - 0x00007ff9f7bd4000 	C:\Program Files\Java\jdk1.8.0_172\jre\bin\api-ms-win-crt-runtime-l1-1-0.dll
0x00007ff9f7bc0000 - 0x00007ff9f7bc4000 	C:\Program Files\Java\jdk1.8.0_172\jre\bin\api-ms-win-crt-stdio-l1-1-0.dll
0x00007ff9f7bb0000 - 0x00007ff9f7bb4000 	C:\Program Files\Java\jdk1.8.0_172\jre\bin\api-ms-win-crt-string-l1-1-0.dll
0x00007ff9f7ba0000 - 0x00007ff9f7ba3000 	C:\Program Files\Java\jdk1.8.0_172\jre\bin\api-ms-win-crt-time-l1-1-0.dll
0x00007ff9f7b90000 - 0x00007ff9f7b93000 	C:\Program Files\Java\jdk1.8.0_172\jre\bin\api-ms-win-crt-utility-l1-1-0.dll
0x00007ff9f29d0000 - 0x00007ff9f2ac6000 	C:\Program Files\Java\jdk1.8.0_172\jre\bin\ucrtbase.dll
0x00007ff9f7b70000 - 0x00007ff9f7b86000 	C:\Program Files\Java\jdk1.8.0_172\jre\bin\vcruntime140.dll
0x00007ff9f7ad0000 - 0x00007ff9f7b6c000 	C:\Program Files\Java\jdk1.8.0_172\jre\bin\msvcp140.dll
0x00007ff9f77e0000 - 0x00007ff9f7831000 	C:\Program Files\Java\jdk1.8.0_172\jre\bin\concrt140.dll
0x000000005c850000 - 0x000000005c873000 	C:\Program Files\Java\jdk1.8.0_172\jre\bin\prism_d3d.dll
0x00007ff9eabb0000 - 0x00007ff9eadd1000 	C:\Windows\system32\d3d9.dll
0x00007ffa0ccc0000 - 0x00007ffa0cce1000 	C:\Windows\SYSTEM32\dwmapi.dll
0x00007ffa0d5c0000 - 0x00007ffa0d6e9000 	C:\Windows\system32\uxtheme.dll
0x000000005c800000 - 0x000000005c849000 	C:\Program Files\Java\jdk1.8.0_172\jre\bin\glass.dll
0x00007ffa0ee90000 - 0x00007ffa0ef46000 	C:\Windows\system32\COMDLG32.dll
0x00007ffa0f1a0000 - 0x00007ffa0f266000 	C:\Windows\system32\OLEAUT32.dll
0x00007ffa0d7b0000 - 0x00007ffa0d7bb000 	C:\Windows\SYSTEM32\kernel.appcore.dll
0x00007ffa0e870000 - 0x00007ffa0e87b000 	C:\Windows\SYSTEM32\CRYPTBASE.dll
0x00007ffa0e800000 - 0x00007ffa0e863000 	C:\Windows\SYSTEM32\bcryptPrimitives.dll
0x00007ff9d1550000 - 0x00007ff9d273c000 	C:\Windows\SYSTEM32\nvd3dumx.dll
0x00007ffa0dfa0000 - 0x00007ffa0dfe6000 	C:\Windows\system32\powrprof.dll
0x00007ff9d1390000 - 0x00007ff9d154d000 	C:\Windows\system32\nvspcap64.dll
0x00007ffa07580000 - 0x00007ffa075b2000 	C:\Windows\SYSTEM32\ntmarta.dll
0x00007ffa0ec60000 - 0x00007ffa0ee3f000 	C:\Windows\system32\crypt32.dll
0x00007ffa0e9e0000 - 0x00007ffa0e9f1000 	C:\Windows\system32\MSASN1.dll
0x00007ffa0eae0000 - 0x00007ffa0eb31000 	C:\Windows\System32\WINTRUST.DLL
0x00007ffa0f170000 - 0x00007ffa0f186000 	C:\Windows\system32\imagehlp.dll
0x00007ffa0e290000 - 0x00007ffa0e2b0000 	C:\Windows\SYSTEM32\CRYPTSP.dll
0x00007ffa0de60000 - 0x00007ffa0de96000 	C:\Windows\system32\rsaenh.dll
0x00007ffa0e4e0000 - 0x00007ffa0e506000 	C:\Windows\SYSTEM32\bcrypt.dll
0x00007ffa0e4b0000 - 0x00007ffa0e4d5000 	C:\Windows\SYSTEM32\ncrypt.dll
0x00007ffa0e470000 - 0x00007ffa0e4a7000 	C:\Windows\SYSTEM32\NTASN1.dll
0x00007ffa0db00000 - 0x00007ffa0db24000 	C:\Windows\SYSTEM32\gpapi.dll
0x00007ff9df090000 - 0x00007ff9df0c3000 	C:\Windows\SYSTEM32\cryptnet.dll
0x00007ffa11510000 - 0x00007ffa1156c000 	C:\Windows\system32\WLDAP32.dll
0x000000005c7e0000 - 0x000000005c7f4000 	C:\Program Files\Java\jdk1.8.0_172\jre\bin\javafx_font.dll
0x00007ffa08b50000 - 0x00007ffa08d3a000 	C:\Windows\SYSTEM32\dwrite.dll
0x00007ffa11620000 - 0x00007ffa116d6000 	C:\Windows\SYSTEM32\clbcatq.dll
0x00007ffa0b720000 - 0x00007ffa0b8ce000 	C:\Windows\SYSTEM32\WindowsCodecs.dll
0x00007ffa0b960000 - 0x00007ffa0b98e000 	C:\Program Files\Common Files\Microsoft Shared\Ink\rtscom.dll

VM Arguments:
jvm_args: -Dfile.encoding=MS949 
java_command: application.Main
java_class_path (initial): C:\Program Files\Java\jdk1.8.0_172\jre\lib\resources.jar;C:\Program Files\Java\jdk1.8.0_172\jre\lib\rt.jar;C:\Program Files\Java\jdk1.8.0_172\jre\lib\jsse.jar;C:\Program Files\Java\jdk1.8.0_172\jre\lib\jce.jar;C:\Program Files\Java\jdk1.8.0_172\jre\lib\charsets.jar;C:\Program Files\Java\jdk1.8.0_172\jre\lib\jfr.jar;C:\Program Files\Java\jdk1.8.0_172\jre\lib\ext\access-bridge-64.jar;C:\Program Files\Java\jdk1.8.0_172\jre\lib\ext\cldrdata.jar;C:\Program Files\Java\jdk1.8.0_172\jre\lib\ext\dnsns.jar;C:\Program Files\Java\jdk1.8.0_172\jre\lib\ext\jaccess.jar;C:\Program Files\Java\jdk1.8.0_172\jre\lib\ext\jfxrt.jar;C:\Program Files\Java\jdk1.8.0_172\jre\lib\ext\localedata.jar;C:\Program Files\Java\jdk1.8.0_172\jre\lib\ext\nashorn.jar;C:\Program Files\Java\jdk1.8.0_172\jre\lib\ext\sunec.jar;C:\Program Files\Java\jdk1.8.0_172\jre\lib\ext\sunjce_provider.jar;C:\Program Files\Java\jdk1.8.0_172\jre\lib\ext\sunmscapi.jar;C:\Program Files\Java\jdk1.8.0_172\jre\lib\ext\sunpkcs11.jar;C:\Program Files\Java\jdk1.8.0_172\jre\lib\ext\zipfs.jar;C:\JavaFX (2)\MyNote\bin;C:\Users\이상림\.p2\pool\plugins\org.eclipse.fx.ide.css.jfx8_3.0.0.201705220750.jar;C:\JavaFX (2)\MyNote\lib\controlsfx-8.40.14.jar
Launcher Type: SUN_STANDARD

Environment Variables:
JAVA_HOME=C:\Program Files\Java\jdk1.8.0_172
CLASSPATH=.;C:\Program Files\Java\jdk1.8.0_172\lib\tools.jar
PATH=C:/Program Files/Java/jdk1.8.0_172/jre/bin/server;C:/Program Files/Java/jdk1.8.0_172/jre/bin;C:/Program Files/Java/jdk1.8.0_172/jre/lib/amd64;C:\Python36\Scripts\;C:\Python36\;C:\ffmpeg-20180126-18e2ac0-win64-static\ffmpeg-20180126-18e2ac0-win64-static\bin;C:\Program Files\NVIDIA GPU Computing Toolkit\CUDA\v8.0\bin;C:\Program Files\NVIDIA GPU Computing Toolkit\CUDA\v8.0\libnvvp;C:\ProgramData\Oracle\Java\javapath;C:\Program Files (x86)\Intel\iCLS Client\;C:\Program Files\Intel\iCLS Client\;C:\Windows\system32;C:\Windows;C:\Windows\System32\Wbem;C:\Windows\System32\WindowsPowerShell\v1.0\;C:\Program Files\Intel\Intel(R) Management Engine Components\DAL;C:\Program Files\Intel\Intel(R) Management Engine Components\IPT;C:\Program Files (x86)\Intel\Intel(R) Management Engine Components\DAL;C:\Program Files (x86)\Intel\Intel(R) Management Engine Components\IPT;C:\Program Files\Intel\WiFi\bin\;C:\Program Files\Common Files\Intel\WirelessCommon\;C:\Program Files (x86)\NVIDIA Corporation\PhysX\Common;C:\Program Files\Java\jdk1.8.0_172\bin;C:\OpenFaceSwap;C:\Program Files\Git\cmd;C:\Program Files\PuTTY\;C:\windows\system32;C:\Program Files\Microsoft VS Code\bin;C:\Users\이상림\Desktop;
USERNAME=LeeSangrim
OS=Windows_NT
PROCESSOR_IDENTIFIER=Intel64 Family 6 Model 60 Stepping 3, GenuineIntel



---------------  S Y S T E M  ---------------

OS: Windows 8.1 , 64 bit Build 9600 (6.3.9600.17415)

CPU:total 8 (initial active 8) (4 cores per cpu, 2 threads per core) family 6 model 60 stepping 3, cmov, cx8, fxsr, mmx, sse, sse2, sse3, ssse3, sse4.1, sse4.2, popcnt, avx, avx2, aes, clmul, erms, lzcnt, ht, tsc, tscinvbit, bmi1, bmi2

Memory: 4k page, physical 16691564k(6987104k free), swap 16691564k(4092k free)

vm_info: Java HotSpot(TM) 64-Bit Server VM (25.172-b11) for windows-amd64 JRE (1.8.0_172-b11), built on Mar 28 2018 21:21:52 by "java_re" with MS VC++ 10.0 (VS2010)

time: Thu Aug 02 21:44:01 2018
elapsed time: 0 seconds (0d 0h 0m 0s)

